<?xml version="1.0" encoding="UTF-8"?>
<!-- Generated by org.testng.reporters.JUnitReportReporter -->
<testsuite hostname="userft-PC" name="day14_AutoIT.AutoIT_SaveFile" tests="1" failures="0" timestamp="16 Nov 2017 03:04:28 GMT" time="13.565" errors="0">
  <testcase name="f" time="13.565" classname="day14_AutoIT.AutoIT_SaveFile"/>
</testsuite> <!-- day14_AutoIT.AutoIT_SaveFile -->
