<?xml version="1.0" encoding="UTF-8"?>
<!-- Generated by org.testng.reporters.JUnitReportReporter -->
<testsuite hostname="userft-PC" name="day16_Excel.Excel_Write_JXL" tests="1" failures="0" timestamp="18 Nov 2017 04:57:39 GMT" time="0.156" errors="0">
  <testcase name="f" time="0.156" classname="day16_Excel.Excel_Write_JXL"/>
</testsuite> <!-- day16_Excel.Excel_Write_JXL -->
