<?xml version="1.0" encoding="UTF-8"?>
<!-- Generated by org.testng.reporters.JUnitReportReporter -->
<testsuite hostname="userft-PC" name="day16_Excel.Excel_Login_POI" tests="1" failures="0" timestamp="20 Nov 2017 02:57:26 GMT" time="16.631" errors="0">
  <testcase name="f" time="16.631" classname="day16_Excel.Excel_Login_POI"/>
</testsuite> <!-- day16_Excel.Excel_Login_POI -->
