<?xml version="1.0" encoding="UTF-8"?>
<!-- Generated by org.testng.reporters.JUnitReportReporter -->
<testsuite hostname="userft-PC" name="day13_JSE.Alerts_JSE" tests="1" failures="0" timestamp="14 Nov 2017 02:37:37 GMT" time="15.955" errors="0">
  <testcase name="f" time="15.955" classname="day13_JSE.Alerts_JSE"/>
</testsuite> <!-- day13_JSE.Alerts_JSE -->
