<?xml version="1.0" encoding="UTF-8"?>
<!-- Generated by org.testng.reporters.JUnitReportReporter -->
<testsuite hostname="userft-PC" name="day15_Robot.Robot_DownloadFile" tests="1" failures="0" timestamp="17 Nov 2017 03:16:21 GMT" time="21.281" errors="0">
  <testcase name="f" time="21.281" classname="day15_Robot.Robot_DownloadFile"/>
</testsuite> <!-- day15_Robot.Robot_DownloadFile -->
