<?xml version="1.0" encoding="UTF-8"?>
<!-- Generated by org.testng.reporters.JUnitReportReporter -->
<testsuite hostname="userft-PC" name="day15_Robot.Robot_MouseWheel" tests="1" failures="0" timestamp="18 Nov 2017 03:52:45 GMT" time="1619.546" errors="0">
  <testcase name="f" time="1619.546" classname="day15_Robot.Robot_MouseWheel"/>
</testsuite> <!-- day15_Robot.Robot_MouseWheel -->
