<?xml version="1.0" encoding="UTF-8"?>
<!-- Generated by org.testng.reporters.JUnitReportReporter -->
<testsuite hostname="userft-PC" name="day16_Excel.Excel_Poi_Multipledata" tests="1" failures="0" timestamp="20 Nov 2017 03:19:34 GMT" time="14.469" errors="0">
  <testcase name="f" time="14.469" classname="day16_Excel.Excel_Poi_Multipledata"/>
</testsuite> <!-- day16_Excel.Excel_Poi_Multipledata -->
