<?xml version="1.0" encoding="UTF-8"?>
<!-- Generated by org.testng.reporters.JUnitReportReporter -->
<testsuite hostname="userft-PC" name="day16_Excel.Properties_Test" tests="1" failures="0" timestamp="20 Nov 2017 03:48:13 GMT" time="13.001" errors="0">
  <testcase name="f" time="13.001" classname="day16_Excel.Properties_Test"/>
</testsuite> <!-- day16_Excel.Properties_Test -->
