<?xml version="1.0" encoding="UTF-8"?>
<!-- Generated by org.testng.reporters.JUnitReportReporter -->
<testsuite hostname="userft-PC" name="day13_JSE.DatePicker_JSE" tests="1" failures="0" timestamp="15 Nov 2017 03:13:47 GMT" time="38.373" errors="0">
  <testcase name="f" time="38.373" classname="day13_JSE.DatePicker_JSE"/>
</testsuite> <!-- day13_JSE.DatePicker_JSE -->
