<?xml version="1.0" encoding="UTF-8"?>
<!-- Generated by org.testng.reporters.JUnitReportReporter -->
<testsuite hostname="userft-PC" name="day17_Grid.Grid_Multiple_BR" tests="2" failures="0" timestamp="23 Nov 2017 03:59:48 GMT" time="19.556" errors="0">
  <testcase name="grid_browser" time="8.225" classname="day17_Grid.Grid_Multiple_BR"/>
  <testcase name="grid_browser" time="11.331" classname="day17_Grid.Grid_Multiple_BR"/>
</testsuite> <!-- day17_Grid.Grid_Multiple_BR -->
