<?xml version="1.0" encoding="UTF-8"?>
<!-- Generated by org.testng.reporters.JUnitReportReporter -->
<testsuite hostname="userft-PC" name="day14_AutoIT.AutoIT_UploadFile" tests="1" failures="0" timestamp="15 Nov 2017 03:56:58 GMT" time="24.654" errors="0">
  <testcase name="f" time="24.654" classname="day14_AutoIT.AutoIT_UploadFile"/>
</testsuite> <!-- day14_AutoIT.AutoIT_UploadFile -->
