<?xml version="1.0" encoding="UTF-8"?>
<!-- Generated by org.testng.reporters.JUnitReportReporter -->
<testsuite hostname="userft-PC" name="day13_JSE.HiddenElement_JavaScript" tests="1" failures="0" timestamp="13 Nov 2017 03:11:09 GMT" time="14.613" errors="0">
  <testcase name="f" time="14.613" classname="day13_JSE.HiddenElement_JavaScript"/>
</testsuite> <!-- day13_JSE.HiddenElement_JavaScript -->
