<?xml version="1.0" encoding="UTF-8"?>
<!-- Generated by org.testng.reporters.JUnitReportReporter -->
<testsuite hostname="userft-PC" name="day15_Robot.Robot_Mouse_Move" tests="1" failures="0" timestamp="17 Nov 2017 03:08:58 GMT" time="3.104" errors="0">
  <testcase name="f" time="3.104" classname="day15_Robot.Robot_Mouse_Move"/>
</testsuite> <!-- day15_Robot.Robot_Mouse_Move -->
