<?xml version="1.0" encoding="UTF-8"?>
<!-- Generated by org.testng.reporters.JUnitReportReporter -->
<testsuite hostname="userft-PC" name="day15_Robot.Robot_UploadFile" tests="1" failures="0" timestamp="25 Nov 2017 04:48:59 GMT" time="22.183" errors="0">
  <testcase name="f" time="22.183" classname="day15_Robot.Robot_UploadFile"/>
</testsuite> <!-- day15_Robot.Robot_UploadFile -->
