<?xml version="1.0" encoding="UTF-8"?>
<!-- Generated by org.testng.reporters.JUnitReportReporter -->
<testsuite hostname="userft-PC" name="day17_Grid.Grid_Single_BR" tests="1" failures="0" timestamp="21 Nov 2017 03:55:24 GMT" time="8.116" errors="0">
  <testcase name="f" time="8.116" classname="day17_Grid.Grid_Single_BR"/>
</testsuite> <!-- day17_Grid.Grid_Single_BR -->
